数据库日志
2025-04-23 14:42:36.060 [INFO] database P0000010414 T0000000000000013572  ckpt2_log_adjust: ckpt_lsn(2826942164226), ckpt_fil(1), ckpt_off(219097600), cur_lsn(2826942313022), l_next_seq(46659481498), g_next_seq(46630684235), cur_free(251105792), total_space(8589926400), used_space(32008192), free_space(8557918208), n_ep(1)
2025-04-23 14:42:36.073 [INFO] database P0000010414 T0000000000000013572  checkpoint end, 969 pages flushed, used_space[32018944], free_space[8557907456].
2025-04-23 14:42:48.023 [INFO] database P0000010414 T0000000000000015249  checkpoint requested by CKPT_DIRTY_PAGES, rlog free space[8552856064], used space[37070336]
2025-04-23 14:42:48.023 [INFO] database P0000010414 T0000000000000015249  checkpoint generate by dirty_pages[10536] > ckpt_dirty_pages[10000]
2025-04-23 14:42:48.023 [INFO] database P0000010414 T0000000000000013572  checkpoint begin, used_space[37070336], free_space[8552856064]...
2025-04-23 14:42:48.038 [INFO] database P0000010414 T0000000000000013572  ckpt2_log_adjust: full_status: 160, ptx_reserved: 0
2025-04-23 14:42:48.038 [INFO] database P0000010414 T0000000000000013572  ckpt2_log_adjust: ckpt_lsn(2826942175456), ckpt_fil(1), ckpt_off(221043200), cur_lsn(2826942334025), l_next_seq(46659482236), g_next_seq(46630684973), cur_free(256176128), total_space(8589926400), used_space(35134464), free_space(8554791936), n_ep(1)
2025-04-23 14:42:59.156 [INFO] database P0000010414 T0000000000000015201  utsk_get_dw_svr_info used 11 seconds
2025-04-23 14:42:59.175 [WARNING] database P0000010414 T0000000000000015201  Get svr info time used:11
2025-04-23 14:42:59.176 [INFO] database P0000010414 T0000000000000015201  utsk_dw_udp_bro used 11s, cur_bro_time = 1745390579, last_bro_time = 1745390568
2025-04-23 14:42:59.186 [INFO] database P0000010414 T0000000000000013572  ckpt2_log_adjust: full_status: 160, ptx_reserved: 0
2025-04-23 14:42:59.186 [INFO] database P0000010414 T0000000000000013572  ckpt2_log_adjust: ckpt_lsn(2826942181083), ckpt_fil(1), ckpt_off(222162944), cur_lsn(2826942345304), l_next_seq(46659482240), g_next_seq(46630684977), cur_free(259026944), total_space(8589926400), used_space(37253120), free_space(8552673280), n_ep(1)
2025-04-23 14:42:59.193 [INFO] database P0000010414 T0000000000000013572  ckpt2_log_adjust: full_status: 160, ptx_reserved: 0
2025-04-23 14:42:59.193 [INFO] database P0000010414 T0000000000000013572  ckpt2_log_adjust: ckpt_lsn(2826942188452), ckpt_fil(1), ckpt_off(223807488), cur_lsn(2826942345610), l_next_seq(46659482246), g_next_seq(46630684983), cur_free(259502080), total_space(8589926400), used_space(35700224), free_space(8554226176), n_ep(1)
2025-04-23 14:42:59.198 [INFO] database P0000010414 T0000000000000013572  ckpt2_log_adjust: full_status: 160, ptx_reserved: 0
2025-04-23 14:42:59.198 [INFO] database P0000010414 T0000000000000013572  ckpt2_log_adjust: ckpt_lsn(2826942199188), ckpt_fil(1), ckpt_off(226743296), cur_lsn(2826942345656), l_next_seq(46659482251), g_next_seq(46630684988), cur_free(259518464), total_space(8589926400), used_space(32775168), free_space(8557151232), n_ep(1)
2025-04-23 14:42:59.204 [INFO] database P0000010414 T0000000000000013572  ckpt2_log_adjust: full_status: 160, ptx_reserved: 0
2025-04-23 14:42:59.204 [INFO] database P0000010414 T0000000000000013572  ckpt2_log_adjust: ckpt_lsn(2826942200438), ckpt_fil(1), ckpt_off(226969088), cur_lsn(2826942346072), l_next_seq(46659482256), g_next_seq(46630684993), cur_free(259532800), total_space(8589926400), used_space(32563712), free_space(8557362688), n_ep(1)
2025-04-23 14:42:59.213 [INFO] database P0000010414 T0000000000000013572  checkpoint end, 951 pages flushed, used_space[32737280], free_space[8557189120].
2025-04-23 14:43:00.157 [INFO] database P0000010414 T0000000000000015248  checkpoint requested by CKPT_DIRTY_PAGES, rlog free space[8556843520], used space[33082880]
2025-04-23 14:43:00.157 [INFO] database P0000010414 T0000000000000015248  checkpoint generate by dirty_pages[10999] > ckpt_dirty_pages[10000]
2025-04-23 14:43:00.157 [INFO] database P0000010414 T0000000000000013572  checkpoint begin, used_space[33082880], free_space[8556843520]...
2025-04-23 14:43:00.168 [INFO] database P0000010414 T0000000000000013572  ckpt2_log_adjust: full_status: 160, ptx_reserved: 0
2025-04-23 14:43:00.168 [INFO] database P0000010414 T0000000000000013572  ckpt2_log_adjust: ckpt_lsn(2826942202067), ckpt_fil(1), ckpt_off(227298304), cur_lsn(2826942348090), l_next_seq(46659482374), g_next_seq(46630685111), cur_free(260064256), total_space(8589926400), used_space(32765952), free_space(8557160448), n_ep(1)
2025-04-23 14:43:00.176 [INFO] database P0000010414 T0000000000000013572  ckpt2_log_adjust: full_status: 160, ptx_reserved: 0
2025-04-23 14:43:00.176 [INFO] database P0000010414 T0000000000000013572  ckpt2_log_adjust: ckpt_lsn(2826942203301), ckpt_fil(1), ckpt_off(227524608), cur_lsn(2826942348090), l_next_seq(46659482375), g_next_seq(46630685112), cur_free(260068352), total_space(8589926400), used_space(32543744), free_space(8557382656), n_ep(1)
2025-04-23 14:43:00.183 [INFO] database P0000010414 T0000000000000013572  ckpt2_log_adjust: full_status: 160, ptx_reserved: 0
2025-04-23 14:43:00.184 [INFO] database P0000010414 T0000000000000013572  ckpt2_log_adjust: ckpt_lsn(2826942205832), ckpt_fil(1), ckpt_off(227897856), cur_lsn(2826942349077), l_next_seq(46659482376), g_next_seq(46630685113), cur_free(260072448), total_space(8589926400), used_space(32174592), free_space(8557751808), n_ep(1)
2025-04-23 14:43:00.189 [INFO] database P0000010414 T0000000000000013572  ckpt2_log_adjust: full_status: 160, ptx_reserved: 0
2025-04-23 14:43:00.190 [INFO] database P0000010414 T0000000000000013572  ckpt2_log_adjust: ckpt_lsn(2826942206355), ckpt_fil(1), ckpt_off(228001792), cur_lsn(2826942351158), l_next_seq(46659482377), g_next_seq(46630685114), cur_free(260260864), total_space(8589926400), used_space(32259072), free_space(8557667328), n_ep(1)
2025-04-23 14:43:00.198 [INFO] database P0000010414 T0000000000000013572  ckpt2_log_adjust: full_status: 160, ptx_reserved: 0
2025-04-23 14:43:00.198 [INFO] database P0000010414 T0000000000000013572  ckpt2_log_adjust: ckpt_lsn(2826942206388), ckpt_fil(1), ckpt_off(228001792), cur_lsn(2826942354102), l_next_seq(46659482378), g_next_seq(46630685115), cur_free(260492800), total_space(8589926400), used_space(32491008), free_space(8557435392), n_ep(1)
2025-04-23 14:43:01.309 [WARNING] database P0000010414 T0000000000000122737  socket_err_should_retry errno:104
2025-04-23 14:43:31.161 [INFO] database P0000010414 T0000000000000015201  utsk_get_dw_svr_info used 31 seconds
2025-04-23 14:43:31.161 [WARNING] database P0000010414 T0000000000000015201  Get svr info time used:31
2025-04-23 14:43:31.161 [INFO] database P0000010414 T0000000000000015201  utsk_dw_udp_bro used 31s, cur_bro_time = 1745390611, last_bro_time = 1745390580
2025-04-23 14:44:01.236 [WARNING] database P0000010414 T0000000000000124418  socket_err_should_retry errno:104
2025-04-23 14:45:01.185 [WARNING] database P0000010414 T0000000000000126115  socket_err_should_retry errno:104
2025-04-23 14:45:21.121 [WARNING] database P0000010414 T0000000000000126757  socket_err_should_retry errno:38
2025-04-23 14:46:01.127 [WARNING] database P0000010414 T0000000000000127812  socket_err_should_retry errno:104
2025-04-23 14:47:01.095 [WARNING] database P0000010414 T0000000000000129525  socket_err_should_retry errno:104
2025-04-23 14:48:01.025 [WARNING] database P0000010414 T0000000000000131281  socket_err_should_retry errno:104
2025-04-23 14:48:09.610 [WARNING] database P0000010414 T0000000000000131641  socket_err_should_retry errno:38
2025-04-23 14:48:45.628 [WARNING] database P0000010414 T0000000000000132706  socket_err_should_retry errno:38
2025-04-23 14:48:46.033 [WARNING] database P0000010414 T0000000000000132713  socket_err_should_retry errno:104
2025-04-23 14:49:01.955 [WARNING] database P0000010414 T0000000000000133224  socket_err_should_retry errno:104
2025-04-23 14:49:59.226 [WARNING] database P0000010414 T0000000000000134960  socket_err_should_retry errno:38
2025-04-23 14:50:01.882 [WARNING] database P0000010414 T0000000000000135098  socket_err_should_retry errno:104
2025-04-23 14:50:04.170 [WARNING] database P0000010414 T0000000000000133070  socket_err_should_retry errno:104
2025-04-23 14:50:04.170 [WARNING] database P0000010414 T0000000000000133540  socket_err_should_retry errno:104
2025-04-23 14:52:56.353 [ERROR] database P0000010414 T0000000000000015341  Reached the max session limit.
2025-04-23 14:53:03.044 [ERROR] database P0000010414 T0000000000000015308  Reached the max session limit.
2025-04-23 14:53:13.964 [ERROR] database P0000010414 T0000000000000015302  Reached the max session limit.
2025-04-23 14:53:17.223 [ERROR] database P0000010414 T0000000000000015318  Reached the max session limit.
2025-04-23 14:53:17.651 [ERROR] database P0000010414 T0000000000000015337  Reached the max session limit.
2025-04-23 14:53:19.229 [ERROR] database P0000010414 T0000000000000015299  Reached the max session limit.
2025-04-23 14:53:41.354 [ERROR] database P0000010414 T0000000000000015312  Reached the max session limit.
2025-04-23 14:53:42.091 [ERROR] database P0000010414 T0000000000000015335  Reached the max session limit.
2025-04-23 14:53:59.516 [ERROR] database P0000010414 T0000000000000015353  Reached the max session limit.
2025-04-23 14:54:12.745 [ERROR] database P0000010414 T0000000000000015326  Reached the max session limit.
2025-04-23 14:54:19.302 [ERROR] database P0000010414 T0000000000000015311  Reached the max session limit.
2025-04-23 14:54:20.919 [ERROR] database P0000010414 T0000000000000015346  Reached the max session limit.
2025-04-23 14:54:30.615 [ERROR] database P0000010414 T0000000000000015308  Reached the max session limit.
2025-04-23 14:54:31.535 [ERROR] database P0000010414 T0000000000000015347  Reached the max session limit.
2025-04-23 14:54:41.604 [ERROR] database P0000010414 T0000000000000015326  Reached the max session limit.
2025-04-23 14:54:45.620 [ERROR] database P0000010414 T0000000000000015351  Reached the max session limit.
2025-04-23 14:55:03.044 [ERROR] database P0000010414 T0000000000000015354  Reached the max session limit.
2025-04-23 14:55:03.685 [ERROR] database P0000010414 T0000000000000015307  Reached the max session limit.
2025-04-23 14:55:10.806 [WARNING] database P0000010414 T0000000000000131695  socket_err_should_retry errno:104
2025-04-23 14:55:10.806 [WARNING] database P0000010414 T0000000000000131677  socket_err_should_retry errno:104
2025-04-23 14:55:10.864 [ERROR] database P0000010414 T0000000000000015348  Reached the max session limit.
2025-04-23 14:55:11.699 [ERROR] database P0000010414 T0000000000000015307  Reached the max session limit.
2025-04-23 14:55:19.094 [ERROR] database P0000010414 T0000000000000015337  Reached the max session limit.
2025-04-23 14:55:20.227 [ERROR] database P0000010414 T0000000000000015307  Reached the max session limit.
2025-04-23 14:55:26.228 [ERROR] database P0000010414 T0000000000000015300  Reached the max session limit.
2025-04-23 14:55:38.427 [ERROR] database P0000010414 T0000000000000015317  Reached the max session limit.
2025-04-23 14:55:41.259 [ERROR] database P0000010414 T0000000000000015347  Reached the max session limit.
2025-04-23 14:55:48.356 [ERROR] database P0000010414 T0000000000000015297  Reached the max session limit.
2025-04-23 14:55:51.055 [ERROR] database P0000010414 T0000000000000015314  Reached the max session limit.
2025-04-23 14:55:52.796 [ERROR] database P0000010414 T0000000000000015308  Reached the max session limit.
2025-04-23 14:56:08.344 [ERROR] database P0000010414 T0000000000000015329  Reached the max session limit.
2025-04-23 14:56:20.749 [ERROR] database P0000010414 T0000000000000015354  Reached the max session limit.
2025-04-23 14:56:24.826 [ERROR] database P0000010414 T0000000000000015344  Reached the max session limit.
2025-04-23 14:56:26.674 [ERROR] database P0000010414 T0000000000000015340  Reached the max session limit.
2025-04-23 14:56:41.297 [ERROR] database P0000010414 T0000000000000015306  Reached the max session limit.
2025-04-23 14:56:58.772 [ERROR] database P0000010414 T0000000000000015296  Reached the max session limit.
2025-04-23 14:57:05.371 [ERROR] database P0000010414 T0000000000000015355  Reached the max session limit.
2025-04-23 14:57:05.371 [ERROR] database P0000010414 T0000000000000015356  Reached the max session limit.
2025-04-23 14:57:07.315 [ERROR] database P0000010414 T0000000000000015354  Reached the max session limit.
2025-04-23 14:57:31.702 [ERROR] database P0000010414 T0000000000000015307  Reached the max session limit.
2025-04-23 14:57:44.004 [WARNING] database P0000010414 T0000000000000067469  socket_err_should_retry errno:104
2025-04-23 14:57:44.007 [WARNING] database P0000010414 T0000000000000067486  socket_err_should_retry errno:104
2025-04-23 14:57:44.135 [ERROR] database P0000010414 T0000000000000015299  Reached the max session limit.
2025-04-23 14:57:52.311 [ERROR] database P0000010414 T0000000000000015346  Reached the max session limit.
2025-04-23 14:57:54.970 [ERROR] database P0000010414 T0000000000000015299  Reached the max session limit.
2025-04-23 14:57:56.527 [ERROR] database P0000010414 T0000000000000015344  Reached the max session limit.
2025-04-23 14:57:57.995 [ERROR] database P0000010414 T0000000000000015326  Reached the max session limit.
2025-04-23 14:58:09.329 [ERROR] database P0000010414 T0000000000000015296  Reached the max session limit.
2025-04-23 14:58:19.573 [ERROR] database P0000010414 T0000000000000015333  Reached the max session limit.
2025-04-23 14:58:22.627 [ERROR] database P0000010414 T0000000000000015303  Reached the max session limit.
2025-04-23 14:58:42.689 [ERROR] database P0000010414 T0000000000000015328  Reached the max session limit.
2025-04-23 14:58:46.207 [ERROR] database P0000010414 T0000000000000015298  Reached the max session limit.
2025-04-23 14:58:47.494 [ERROR] database P0000010414 T0000000000000015328  Reached the max session limit.
2025-04-23 14:58:51.943 [ERROR] database P0000010414 T0000000000000015336  Reached the max session limit.
2025-04-23 14:58:55.211 [ERROR] database P0000010414 T0000000000000015304  Reached the max session limit.
2025-04-23 14:58:55.554 [ERROR] database P0000010414 T0000000000000015308  Reached the max session limit.
2025-04-23 14:58:58.024 [ERROR] database P0000010414 T0000000000000015317  Reached the max session limit.
2025-04-23 14:59:05.111 [ERROR] database P0000010414 T0000000000000015299  Reached the max session limit.
2025-04-23 14:59:07.322 [ERROR] database P0000010414 T0000000000000015303  Reached the max session limit.
2025-04-23 14:59:10.811 [ERROR] database P0000010414 T0000000000000015347  Reached the max session limit.
2025-04-23 14:59:19.366 [ERROR] database P0000010414 T0000000000000015338  Reached the max session limit.
2025-04-23 14:59:21.918 [ERROR] database P0000010414 T0000000000000015306  Reached the max session limit.
2025-04-23 14:59:22.916 [ERROR] database P0000010414 T0000000000000015337  Reached the max session limit.
2025-04-23 14:59:25.388 [ERROR] database P0000010414 T0000000000000015346  Reached the max session limit.
2025-04-23 14:59:25.790 [ERROR] database P0000010414 T0000000000000015301  Reached the max session limit.
2025-04-23 14:59:26.781 [ERROR] database P0000010414 T0000000000000015334  Reached the max session limit.
2025-04-23 14:59:47.357 [ERROR] database P0000010414 T0000000000000015303  Reached the max session limit.
2025-04-23 14:59:48.106 [ERROR] database P0000010414 T0000000000000015335  Reached the max session limit.
2025-04-23 14:59:50.202 [ERROR] database P0000010414 T0000000000000015341  Reached the max session limit.
2025-04-23 15:00:00.181 [ERROR] database P0000010414 T0000000000000015302  Reached the max session limit.
2025-04-23 15:00:02.184 [ERROR] database P0000010414 T0000000000000015336  Reached the max session limit.
2025-04-23 15:00:04.220 [ERROR] database P0000010414 T0000000000000015345  Reached the max session limit.
2025-04-23 15:00:04.475 [ERROR] database P0000010414 T0000000000000015299  Reached the max session limit.
2025-04-23 15:00:16.241 [ERROR] database P0000010414 T0000000000000015339  Reached the max session limit.
2025-04-23 15:00:16.898 [ERROR] database P0000010414 T0000000000000015316  Reached the max session limit.
2025-04-23 15:00:18.038 [ERROR] database P0000010414 T0000000000000015351  Reached the max session limit.
2025-04-23 15:00:20.825 [ERROR] database P0000010414 T0000000000000015332  Reached the max session limit.
2025-04-23 15:00:22.246 [WARNING] database P0000010414 T0000000000000038860  socket_err_should_retry errno:104
2025-04-23 15:00:22.300 [ERROR] database P0000010414 T0000000000000015312  Reached the max session limit.
2025-04-23 15:00:36.506 [ERROR] database P0000010414 T0000000000000015317  Reached the max session limit.
2025-04-23 15:00:41.280 [ERROR] database P0000010414 T0000000000000015348  Reached the max session limit.
2025-04-23 15:00:47.828 [WARNING] database P0000010414 T0000000000000054087  socket_err_should_retry errno:104
2025-04-23 15:00:47.833 [WARNING] database P0000010414 T0000000000000038260  socket_err_should_retry errno:104
2025-04-23 15:00:47.834 [WARNING] database P0000010414 T0000000000000130910  socket_err_should_retry errno:104
2025-04-23 15:00:47.959 [ERROR] database P0000010414 T0000000000000015351  Reached the max session limit.
2025-04-23 15:00:52.245 [ERROR] database P0000010414 T0000000000000015321  Reached the max session limit.
2025-04-23 15:01:41.293 [ERROR] database P0000010414 T0000000000000015319  Reached the max session limit.
2025-04-23 15:01:46.393 [ERROR] database P0000010414 T0000000000000015322  Reached the max session limit.
2025-04-23 15:02:18.311 [ERROR] database P0000010414 T0000000000000015310  Reached the max session limit.
2025-04-23 15:02:23.613 [ERROR] database P0000010414 T0000000000000015347  Reached the max session limit.
2025-04-23 15:02:26.865 [ERROR] database P0000010414 T0000000000000015341  Reached the max session limit.
2025-04-23 15:02:30.311 [ERROR] database P0000010414 T0000000000000015357  Reached the max session limit.
2025-04-23 15:02:38.521 [ERROR] database P0000010414 T0000000000000015319  Reached the max session limit.
2025-04-23 15:02:45.814 [ERROR] database P0000010414 T0000000000000015329  Reached the max session limit.
2025-04-23 15:03:13.279 [ERROR] database P0000010414 T0000000000000015343  Reached the max session limit.
2025-04-23 15:03:16.011 [ERROR] database P0000010414 T0000000000000015350  Reached the max session limit.
2025-04-23 15:04:16.013 [ERROR] database P0000010414 T0000000000000015329  Reached the max session limit.
2025-04-23 15:04:17.585 [ERROR] database P0000010414 T0000000000000015345  Reached the max session limit.
2025-04-23 15:04:25.545 [ERROR] database P0000010414 T0000000000000015312  Reached the max session limit.
2025-04-23 15:04:26.019 [WARNING] database P0000010414 T0000000000000081894  socket_err_should_retry errno:104
2025-04-23 15:04:26.020 [WARNING] database P0000010414 T0000000000000083470  socket_err_should_retry errno:104
2025-04-23 15:04:26.020 [WARNING] database P0000010414 T0000000000000083247  socket_err_should_retry errno:104
2025-04-23 15:04:26.020 [WARNING] database P0000010414 T0000000000000080165  socket_err_should_retry errno:104
2025-04-23 15:04:26.022 [WARNING] database P0000010414 T0000000000000079836  socket_err_should_retry errno:104
2025-04-23 15:04:26.022 [WARNING] database P0000010414 T0000000000000081300  socket_err_should_retry errno:104
2025-04-23 15:04:26.022 [WARNING] database P0000010414 T0000000000000081572  socket_err_should_retry errno:104
2025-04-23 15:04:26.022 [WARNING] database P0000010414 T0000000000000079443  socket_err_should_retry errno:104
2025-04-23 15:04:26.024 [WARNING] database P0000010414 T0000000000000083672  socket_err_should_retry errno:104
2025-04-23 15:04:26.150 [ERROR] database P0000010414 T0000000000000015343  Reached the max session limit.
2025-04-23 15:04:39.595 [ERROR] database P0000010414 T0000000000000015355  Reached the max session limit.
2025-04-23 15:04:50.324 [ERROR] database P0000010414 T0000000000000015329  Reached the max session limit.
2025-04-23 15:04:51.975 [ERROR] database P0000010414 T0000000000000015318  Reached the max session limit.
2025-04-23 15:04:51.975 [ERROR] database P0000010414 T0000000000000015319  Reached the max session limit.
2025-04-23 15:04:57.200 [ERROR] database P0000010414 T0000000000000015325  Reached the max session limit.
2025-04-23 15:05:07.862 [ERROR] database P0000010414 T0000000000000015335  Reached the max session limit.
2025-04-23 15:05:44.344 [ERROR] database P0000010414 T0000000000000015351  Reached the max session limit.
2025-04-23 15:05:56.986 [ERROR] database P0000010414 T0000000000000015354  Reached the max session limit.
2025-04-23 15:06:18.387 [ERROR] database P0000010414 T0000000000000015299  Reached the max session limit.
2025-04-23 15:06:32.787 [ERROR] database P0000010414 T0000000000000015311  Reached the max session limit.
2025-04-23 15:06:35.720 [ERROR] database P0000010414 T0000000000000015342  Reached the max session limit.
2025-04-23 15:06:41.321 [ERROR] database P0000010414 T0000000000000015337  Reached the max session limit.
2025-04-23 15:06:41.873 [ERROR] database P0000010414 T0000000000000015301  Reached the max session limit.
2025-04-23 15:06:49.328 [ERROR] database P0000010414 T0000000000000015309  Reached the max session limit.
2025-04-23 15:06:53.695 [ERROR] database P0000010414 T0000000000000015328  Reached the max session limit.
2025-04-23 15:07:01.182 [ERROR] database P0000010414 T0000000000000015315  Reached the max session limit.
2025-04-23 15:07:02.002 [ERROR] database P0000010414 T0000000000000015295  Reached the max session limit.
2025-04-23 15:07:05.076 [ERROR] database P0000010414 T0000000000000015318  Reached the max session limit.
2025-04-23 15:07:10.257 [ERROR] database P0000010414 T0000000000000015352  Reached the max session limit.
2025-04-23 15:07:27.575 [ERROR] database P0000010414 T0000000000000015339  Reached the max session limit.
2025-04-23 15:07:52.608 [ERROR] database P0000010414 T0000000000000015319  Reached the max session limit.
2025-04-23 15:08:04.426 [ERROR] database P0000010414 T0000000000000015317  Reached the max session limit.
2025-04-23 15:08:29.745 [WARNING] database P0000010414 T0000000000000020558  socket_err_should_retry errno:104
2025-04-23 15:08:29.746 [WARNING] database P0000010414 T0000000000000020550  socket_err_should_retry errno:104
2025-04-23 15:08:29.851 [ERROR] database P0000010414 T0000000000000015306  Reached the max session limit.
2025-04-23 15:08:30.713 [ERROR] database P0000010414 T0000000000000015323  Reached the max session limit.
2025-04-23 15:08:59.204 [ERROR] database P0000010414 T0000000000000015314  Reached the max session limit.
2025-04-23 15:09:09.182 [ERROR] database P0000010414 T0000000000000015302  Reached the max session limit.
2025-04-23 15:10:03.790 [ERROR] database P0000010414 T0000000000000015336  Reached the max session limit.
2025-04-23 15:10:16.604 [ERROR] database P0000010414 T0000000000000015310  Reached the max session limit.
2025-04-23 15:10:29.512 [ERROR] database P0000010414 T0000000000000015325  Reached the max session limit.
2025-04-23 15:10:30.019 [ERROR] database P0000010414 T0000000000000015354  Reached the max session limit.
2025-04-23 15:10:32.740 [WARNING] database P0000010414 T0000000000000124796  socket_err_should_retry errno:104
2025-04-23 15:10:32.741 [WARNING] database P0000010414 T0000000000000125500  socket_err_should_retry errno:104
2025-04-23 15:10:32.742 [WARNING] database P0000010414 T0000000000000127206  socket_err_should_retry errno:104
2025-04-23 15:10:32.742 [WARNING] database P0000010414 T0000000000000123096  socket_err_should_retry errno:104
2025-04-23 15:10:32.742 [WARNING] database P0000010414 T0000000000000125099  socket_err_should_retry errno:104
2025-04-23 15:10:32.743 [WARNING] database P0000010414 T0000000000000123369  socket_err_should_retry errno:104
2025-04-23 15:10:32.743 [WARNING] database P0000010414 T0000000000000123810  socket_err_should_retry errno:104
2025-04-23 15:10:32.744 [WARNING] database P0000010414 T0000000000000126573  socket_err_should_retry errno:104
2025-04-23 15:10:32.744 [WARNING] database P0000010414 T0000000000000126806  socket_err_should_retry errno:104
2025-04-23 15:10:32.834 [ERROR] database P0000010414 T0000000000000015308  Reached the max session limit.
2025-04-23 15:10:41.779 [ERROR] database P0000010414 T0000000000000015294  Reached the max session limit.
2025-04-23 15:10:52.473 [ERROR] database P0000010414 T0000000000000015294  Reached the max session limit.
2025-04-23 15:10:54.994 [ERROR] database P0000010414 T0000000000000015331  Reached the max session limit.
2025-04-23 15:11:01.386 [ERROR] database P0000010414 T0000000000000015316  Reached the max session limit.
2025-04-23 15:11:09.163 [WARNING] database P0000010414 T0000000000000051265  socket_err_should_retry errno:38
2025-04-23 15:11:09.164 [ERROR] database P0000010414 T0000000000000015319  Reached the max session limit.
2025-04-23 15:11:12.947 [WARNING] database P0000010414 T0000000000000070502  socket_err_should_retry errno:104
2025-04-23 15:11:12.948 [WARNING] database P0000010414 T0000000000000077762  socket_err_should_retry errno:104
2025-04-23 15:11:12.950 [WARNING] database P0000010414 T0000000000000067645  socket_err_should_retry errno:104
2025-04-23 15:11:12.952 [WARNING] database P0000010414 T0000000000000069168  socket_err_should_retry errno:104
2025-04-23 15:11:12.952 [WARNING] database P0000010414 T0000000000000069170  socket_err_should_retry errno:104
2025-04-23 15:11:12.952 [WARNING] database P0000010414 T0000000000000076024  socket_err_should_retry errno:104
2025-04-23 15:11:12.952 [WARNING] database P0000010414 T0000000000000074212  socket_err_should_retry errno:104
2025-04-23 15:11:12.952 [WARNING] database P0000010414 T0000000000000072352  socket_err_should_retry errno:104
2025-04-23 15:11:12.952 [WARNING] database P0000010414 T0000000000000084497  socket_err_should_retry errno:104
2025-04-23 15:11:12.952 [WARNING] database P0000010414 T0000000000000082807  socket_err_should_retry errno:104
2025-04-23 15:11:12.952 [WARNING] database P0000010414 T0000000000000075932  socket_err_should_retry errno:104
2025-04-23 15:11:12.952 [WARNING] database P0000010414 T0000000000000078503  socket_err_should_retry errno:104
2025-04-23 15:11:12.952 [WARNING] database P0000010414 T0000000000000079466  socket_err_should_retry errno:104
2025-04-23 15:11:12.952 [WARNING] database P0000010414 T0000000000000081132  socket_err_should_retry errno:104
2025-04-23 15:11:12.951 [WARNING] database P0000010414 T0000000000000068749  socket_err_should_retry errno:104
2025-04-23 15:11:13.082 [ERROR] database P0000010414 T0000000000000015350  Reached the max session limit.
2025-04-23 15:11:18.428 [ERROR] database P0000010414 T0000000000000015345  Reached the max session limit.
2025-04-23 15:11:26.366 [ERROR] database P0000010414 T0000000000000015312  Reached the max session limit.
2025-04-23 15:11:43.274 [ERROR] database P0000010414 T0000000000000015345  Reached the max session limit.
2025-04-23 15:11:51.960 [ERROR] database P0000010414 T0000000000000015334  Reached the max session limit.
2025-04-23 15:12:06.304 [ERROR] database P0000010414 T0000000000000015308  Reached the max session limit.
2025-04-23 15:12:23.733 [ERROR] database P0000010414 T0000000000000015316  Reached the max session limit.
2025-04-23 15:12:29.704 [ERROR] database P0000010414 T0000000000000015326  Reached the max session limit.
2025-04-23 15:13:09.229 [ERROR] database P0000010414 T0000000000000015351  Reached the max session limit.
2025-04-23 15:13:15.903 [ERROR] database P0000010414 T0000000000000015295  Reached the max session limit.
2025-04-23 15:13:29.661 [ERROR] database P0000010414 T0000000000000015356  Reached the max session limit.
2025-04-23 15:14:02.347 [ERROR] database P0000010414 T0000000000000015342  Reached the max session limit.
2025-04-23 15:14:28.745 [ERROR] database P0000010414 T0000000000000015295  Reached the max session limit.
2025-04-23 15:14:43.968 [ERROR] database P0000010414 T0000000000000015341  Reached the max session limit.
2025-04-23 15:14:49.167 [ERROR] database P0000010414 T0000000000000015338  Reached the max session limit.
2025-04-23 15:14:59.739 [ERROR] database P0000010414 T0000000000000015356  Reached the max session limit.
2025-04-23 15:15:01.381 [ERROR] database P0000010414 T0000000000000015294  Reached the max session limit.
2025-04-23 15:15:31.463 [ERROR] database P0000010414 T0000000000000015336  Reached the max session limit.
2025-04-23 15:15:37.478 [ERROR] database P0000010414 T0000000000000015322  Reached the max session limit.
2025-04-23 15:15:52.046 [ERROR] database P0000010414 T0000000000000015357  Reached the max session limit.
2025-04-23 15:16:40.755 [ERROR] database P0000010414 T0000000000000015334  Reached the max session limit.
2025-04-23 15:16:45.084 [FATAL] database P0000010414 T0000000000000010414  sigterm_handler receive signal 11
2025-04-23 15:16:45.084 [INFO] database P0000010414 T0000000000000010414  hpc_heart_beat_halt_and_wait change hdisk flag from 221 to 221
2025-04-23 15:16:45.085 [FATAL] database P0000010414 T0000000000000010873  hpc_heart_beat_dsk_thread halt, sys_status:OPEN, vtd_status:SYSHALT
2025-04-23 15:16:45.092 [FATAL] database P0000010414 T0000000000000010873  VTD_CMD_SYS_HALT
2025-04-23 15:16:45.092 [INFO] database P0000010414 T0000000000000010873  total 3 rfil opened!
2025-04-23 15:17:58.204 [INFO] database P0000032706 T0000000000000032706  INI parameter DW_PORT changed, the original value 0, new value 4566
2025-04-23 15:17:58.211 [INFO] database P0000032706 T0000000000000032706  INI parameter DPC_2PC changed, the original value 1, new value 0
2025-04-23 15:17:58.457 [INFO] database P0000032706 T0000000000000032706  info get from dcr disk, asm_host = localhost, asm_port = 1167375216, global_dcr_ep_host = , global_dcr_ep_port = 5236, global_dcr_css_host = 192.168.9.22, global_dcr_css_port = 91362752
2025-04-23 15:17:58.479 [INFO] database P0000032706 T0000000000000032706  dmshm2_attach, success, shm id 294913
2025-04-23 15:17:58.480 [INFO] database P0000032706 T0000000000000032706  os_asm_env_init success(dest host:localhost, dest port:9351), conn info: comm port:9351, host:localhost, port:9351
2025-04-23 15:17:58.487 [INFO] database P0000032706 T0000000000000032706  version info: enterprise
2025-04-23 15:19:09.178 [INFO] database P0000034512 T0000000000000034512  INI parameter DW_PORT changed, the original value 0, new value 4566
2025-04-23 15:19:09.183 [INFO] database P0000034512 T0000000000000034512  INI parameter DPC_2PC changed, the original value 1, new value 0
2025-04-23 15:19:09.572 [INFO] database P0000034512 T0000000000000034512  info get from dcr disk, asm_host = localhost, asm_port = 934125424, global_dcr_ep_host = , global_dcr_ep_port = 5236, global_dcr_css_host = 192.168.9.22, global_dcr_css_port = 91362752
2025-04-23 15:19:09.585 [INFO] database P0000034512 T0000000000000034512  dmshm2_attach, success, shm id 294913
2025-04-23 15:19:09.586 [INFO] database P0000034512 T0000000000000034512  os_asm_env_init success(dest host:localhost, dest port:9351), conn info: comm port:9351, host:localhost, port:9351
2025-04-23 15:19:09.593 [INFO] database P0000034512 T0000000000000034512  version info: enterprise
2025-04-23 15:20:20.262 [INFO] database P0000036263 T0000000000000036263  INI parameter DW_PORT changed, the original value 0, new value 4566
2025-04-23 15:20:20.266 [INFO] database P0000036263 T0000000000000036263  INI parameter DPC_2PC changed, the original value 1, new value 0
2025-04-23 15:20:20.620 [INFO] database P0000036263 T0000000000000036263  info get from dcr disk, asm_host = localhost, asm_port = -1771569040, global_dcr_ep_host = , global_dcr_ep_port = 5236, global_dcr_css_host = 192.168.9.22, global_dcr_css_port = 91362752
2025-04-23 15:20:20.632 [INFO] database P0000036263 T0000000000000036263  dmshm2_attach, success, shm id 294913
2025-04-23 15:20:20.633 [INFO] database P0000036263 T0000000000000036263  os_asm_env_init success(dest host:localhost, dest port:9351), conn info: comm port:9351, host:localhost, port:9351
2025-04-23 15:20:20.641 [INFO] database P0000036263 T0000000000000036263  version info: enterprise
2025-04-23 15:21:31.353 [INFO] database P0000038061 T0000000000000038061  INI parameter DW_PORT changed, the original value 0, new value 4566
2025-04-23 15:21:31.357 [INFO] database P0000038061 T0000000000000038061  INI parameter DPC_2PC changed, the original value 1, new value 0
2025-04-23 15:21:31.595 [INFO] database P0000038061 T0000000000000038061  info get from dcr disk, asm_host = localhost, asm_port = 669194080, global_dcr_ep_host = , global_dcr_ep_port = 5236, global_dcr_css_host = 192.168.9.22, global_dcr_css_port = 91362752
2025-04-23 15:21:31.608 [INFO] database P0000038061 T0000000000000038061  dmshm2_attach, success, shm id 294913
2025-04-23 15:21:31.609 [INFO] database P0000038061 T0000000000000038061  os_asm_env_init success(dest host:localhost, dest port:9351), conn info: comm port:9351, host:localhost, port:9351
2025-04-23 15:21:31.617 [INFO] database P0000038061 T0000000000000038061  version info: enterprise
2025-04-23 15:22:42.443 [INFO] database P0000039800 T0000000000000039800  INI parameter DW_PORT changed, the original value 0, new value 4566
2025-04-23 15:22:42.447 [INFO] database P0000039800 T0000000000000039800  INI parameter DPC_2PC changed, the original value 1, new value 0
2025-04-23 15:22:42.682 [INFO] database P0000039800 T0000000000000039800  info get from dcr disk, asm_host = localhost, asm_port = 115568496, global_dcr_ep_host = , global_dcr_ep_port = 5236, global_dcr_css_host = 192.168.9.22, global_dcr_css_port = 91362752
2025-04-23 15:22:42.694 [INFO] database P0000039800 T0000000000000039800  dmshm2_attach, success, shm id 294913
2025-04-23 15:22:42.696 [INFO] database P0000039800 T0000000000000039800  os_asm_env_init success(dest host:localhost, dest port:9351), conn info: comm port:9351, host:localhost, port:9351
2025-04-23 15:22:42.703 [INFO] database P0000039800 T0000000000000039800  version info: enterprise
2025-04-23 15:23:53.563 [INFO] database P0000041615 T0000000000000041615  INI parameter DW_PORT changed, the original value 0, new value 4566
2025-04-23 15:23:53.568 [INFO] database P0000041615 T0000000000000041615  INI parameter DPC_2PC changed, the original value 1, new value 0
2025-04-23 15:23:53.884 [INFO] database P0000041615 T0000000000000041615  info get from dcr disk, asm_host = localhost, asm_port = -1294140448, global_dcr_ep_host = , global_dcr_ep_port = 5236, global_dcr_css_host = 192.168.9.22, global_dcr_css_port = 91362752
2025-04-23 15:23:53.897 [INFO] database P0000041615 T0000000000000041615  dmshm2_attach, success, shm id 294913
2025-04-23 15:23:53.898 [INFO] database P0000041615 T0000000000000041615  os_asm_env_init success(dest host:localhost, dest port:9351), conn info: comm port:9351, host:localhost, port:9351
2025-04-23 15:23:53.906 [INFO] database P0000041615 T0000000000000041615  version info: enterprise
2025-04-23 15:25:04.653 [INFO] database P0000043419 T0000000000000043419  INI parameter DW_PORT changed, the original value 0, new value 4566
2025-04-23 15:25:04.656 [INFO] database P0000043419 T0000000000000043419  INI parameter DPC_2PC changed, the original value 1, new value 0
2025-04-23 15:25:04.971 [INFO] database P0000043419 T0000000000000043419  info get from dcr disk, asm_host = localhost, asm_port = -495345360, global_dcr_ep_host = , global_dcr_ep_port = 5236, global_dcr_css_host = 192.168.9.22, global_dcr_css_port = 91362752
2025-04-23 15:25:04.999 [INFO] database P0000043419 T0000000000000043419  dmshm2_attach, success, shm id 294913
2025-04-23 15:25:05.000 [INFO] database P0000043419 T0000000000000043419  os_asm_env_init success(dest host:localhost, dest port:9351), conn info: comm port:9351, host:localhost, port:9351
2025-04-23 15:25:05.008 [INFO] database P0000043419 T0000000000000043419  version info: enterprise
2025-04-23 15:26:15.742 [INFO] database P0000045167 T0000000000000045167  INI parameter DW_PORT changed, the original value 0, new value 4566
2025-04-23 15:26:15.744 [INFO] database P0000045167 T0000000000000045167  INI parameter DPC_2PC changed, the original value 1, new value 0
2025-04-23 15:26:15.979 [INFO] database P0000045167 T0000000000000045167  info get from dcr disk, asm_host = localhost, asm_port = 368678048, global_dcr_ep_host = , global_dcr_ep_port = 5236, global_dcr_css_host = 192.168.9.22, global_dcr_css_port = 91362752
2025-04-23 15:26:15.992 [INFO] database P0000045167 T0000000000000045167  dmshm2_attach, success, shm id 294913
2025-04-23 15:26:15.993 [INFO] database P0000045167 T0000000000000045167  os_asm_env_init success(dest host:localhost, dest port:9351), conn info: comm port:9351, host:localhost, port:9351
2025-04-23 15:26:16.000 [INFO] database P0000045167 T0000000000000045167  version info: enterprise
2025-04-23 15:27:26.848 [INFO] database P0000046902 T0000000000000046902  INI parameter DW_PORT changed, the original value 0, new value 4566
2025-04-23 15:27:26.851 [INFO] database P0000046902 T0000000000000046902  INI parameter DPC_2PC changed, the original value 1, new value 0
2025-04-23 15:27:27.295 [INFO] database P0000046902 T0000000000000046902  info get from dcr disk, asm_host = localhost, asm_port = -1499177952, global_dcr_ep_host = , global_dcr_ep_port = 5236, global_dcr_css_host = 192.168.9.22, global_dcr_css_port = 91362752
2025-04-23 15:27:27.308 [INFO] database P0000046902 T0000000000000046902  dmshm2_attach, success, shm id 294913
2025-04-23 15:27:27.309 [INFO] database P0000046902 T0000000000000046902  os_asm_env_init success(dest host:localhost, dest port:9351), conn info: comm port:9351, host:localhost, port:9351
2025-04-23 15:27:27.317 [INFO] database P0000046902 T0000000000000046902  version info: enterprise
2025-04-23 15:28:37.935 [INFO] database P0000048633 T0000000000000048633  INI parameter DW_PORT changed, the original value 0, new value 4566
2025-04-23 15:28:37.938 [INFO] database P0000048633 T0000000000000048633  INI parameter DPC_2PC changed, the original value 1, new value 0
2025-04-23 15:28:38.260 [INFO] database P0000048633 T0000000000000048633  info get from dcr disk, asm_host = localhost, asm_port = 2039617136, global_dcr_ep_host = , global_dcr_ep_port = 5236, global_dcr_css_host = 192.168.9.22, global_dcr_css_port = 91362752
2025-04-23 15:28:38.272 [INFO] database P0000048633 T0000000000000048633  dmshm2_attach, success, shm id 294913
2025-04-23 15:28:38.273 [INFO] database P0000048633 T0000000000000048633  os_asm_env_init success(dest host:localhost, dest port:9351), conn info: comm port:9351, host:localhost, port:9351
2025-04-23 15:28:38.281 [INFO] database P0000048633 T0000000000000048633  version info: enterprise
2025-04-23 15:29:49.022 [INFO] database P0000050345 T0000000000000050345  INI parameter DW_PORT changed, the original value 0, new value 4566
2025-04-23 15:29:49.025 [INFO] database P0000050345 T0000000000000050345  INI parameter DPC_2PC changed, the original value 1, new value 0
2025-04-23 15:29:49.309 [INFO] database P0000050345 T0000000000000050345  info get from dcr disk, asm_host = localhost, asm_port = 785222400, global_dcr_ep_host = , global_dcr_ep_port = 5236, global_dcr_css_host = 192.168.9.22, global_dcr_css_port = 91362752
2025-04-23 15:29:49.321 [INFO] database P0000050345 T0000000000000050345  dmshm2_attach, success, shm id 294913
2025-04-23 15:29:49.322 [INFO] database P0000050345 T0000000000000050345  os_asm_env_init success(dest host:localhost, dest port:9351), conn info: comm port:9351, host:localhost, port:9351
2025-04-23 15:29:49.330 [INFO] database P0000050345 T0000000000000050345  version info: enterprise
2025-04-23 15:31:00.119 [INFO] database P0000052077 T0000000000000052077  INI parameter DW_PORT changed, the original value 0, new value 4566
2025-04-23 15:31:00.122 [INFO] database P0000052077 T0000000000000052077  INI parameter DPC_2PC changed, the original value 1, new value 0
2025-04-23 15:31:00.456 [INFO] database P0000052077 T0000000000000052077  info get from dcr disk, asm_host = localhost, asm_port = 1325557600, global_dcr_ep_host = , global_dcr_ep_port = 5236, global_dcr_css_host = 192.168.9.22, global_dcr_css_port = 91362752
2025-04-23 15:31:00.468 [INFO] database P0000052077 T0000000000000052077  dmshm2_attach, success, shm id 294913
2025-04-23 15:31:00.469 [INFO] database P0000052077 T0000000000000052077  os_asm_env_init success(dest host:localhost, dest port:9351), conn info: comm port:9351, host:localhost, port:9351
2025-04-23 15:31:00.477 [INFO] database P0000052077 T0000000000000052077  version info: enterprise
2025-04-23 15:32:11.219 [INFO] database P0000053877 T0000000000000053877  INI parameter DW_PORT changed, the original value 0, new value 4566
2025-04-23 15:32:11.222 [INFO] database P0000053877 T0000000000000053877  INI parameter DPC_2PC changed, the original value 1, new value 0
2025-04-23 15:32:11.535 [INFO] database P0000053877 T0000000000000053877  info get from dcr disk, asm_host = localhost, asm_port = -1909819136, global_dcr_ep_host = , global_dcr_ep_port = 5236, global_dcr_css_host = 192.168.9.22, global_dcr_css_port = 91362752
2025-04-23 15:32:11.548 [INFO] database P0000053877 T0000000000000053877  dmshm2_attach, success, shm id 294913
2025-04-23 15:32:11.549 [INFO] database P0000053877 T0000000000000053877  os_asm_env_init success(dest host:localhost, dest port:9351), conn info: comm port:9351, host:localhost, port:9351
2025-04-23 15:32:11.556 [INFO] database P0000053877 T0000000000000053877  version info: enterprise
2025-04-23 15:33:22.310 [INFO] database P0000055615 T0000000000000055615  INI parameter DW_PORT changed, the original value 0, new value 4566
2025-04-23 15:33:22.314 [INFO] database P0000055615 T0000000000000055615  INI parameter DPC_2PC changed, the original value 1, new value 0
2025-04-23 15:33:22.573 [INFO] database P0000055615 T0000000000000055615  info get from dcr disk, asm_host = localhost, asm_port = 57414032, global_dcr_ep_host = , global_dcr_ep_port = 5236, global_dcr_css_host = 192.168.9.22, global_dcr_css_port = 91362752
2025-04-23 15:33:22.586 [INFO] database P0000055615 T0000000000000055615  dmshm2_attach, success, shm id 294913
2025-04-23 15:33:22.587 [INFO] database P0000055615 T0000000000000055615  os_asm_env_init success(dest host:localhost, dest port:9351), conn info: comm port:9351, host:localhost, port:9351
2025-04-23 15:33:22.595 [INFO] database P0000055615 T0000000000000055615  version info: enterprise
2025-04-23 15:34:33.418 [INFO] database P0000057373 T0000000000000057373  INI parameter DW_PORT changed, the original value 0, new value 4566
2025-04-23 15:34:33.421 [INFO] database P0000057373 T0000000000000057373  INI parameter DPC_2PC changed, the original value 1, new value 0
2025-04-23 15:34:33.795 [INFO] database P0000057373 T0000000000000057373  info get from dcr disk, asm_host = localhost, asm_port = 24652992, global_dcr_ep_host = , global_dcr_ep_port = 5236, global_dcr_css_host = 192.168.9.22, global_dcr_css_port = 91362752
2025-04-23 15:34:33.808 [INFO] database P0000057373 T0000000000000057373  dmshm2_attach, success, shm id 294913
2025-04-23 15:34:33.809 [INFO] database P0000057373 T0000000000000057373  os_asm_env_init success(dest host:localhost, dest port:9351), conn info: comm port:9351, host:localhost, port:9351
2025-04-23 15:34:33.817 [INFO] database P0000057373 T0000000000000057373  version info: enterprise
2025-04-23 15:35:44.511 [INFO] database P0000059105 T0000000000000059105  INI parameter DW_PORT changed, the original value 0, new value 4566
2025-04-23 15:35:44.514 [INFO] database P0000059105 T0000000000000059105  INI parameter DPC_2PC changed, the original value 1, new value 0
2025-04-23 15:35:44.830 [INFO] database P0000059105 T0000000000000059105  info get from dcr disk, asm_host = localhost, asm_port = 1096376560, global_dcr_ep_host = , global_dcr_ep_port = 5236, global_dcr_css_host = 192.168.9.22, global_dcr_css_port = 91362752
2025-04-23 15:35:44.843 [INFO] database P0000059105 T0000000000000059105  dmshm2_attach, success, shm id 294913
2025-04-23 15:35:44.844 [INFO] database P0000059105 T0000000000000059105  os_asm_env_init success(dest host:localhost, dest port:9351), conn info: comm port:9351, host:localhost, port:9351
2025-04-23 15:35:44.851 [INFO] database P0000059105 T0000000000000059105  version info: enterprise
2025-04-23 15:36:55.604 [INFO] database P0000060808 T0000000000000060808  INI parameter DW_PORT changed, the original value 0, new value 4566
2025-04-23 15:36:55.607 [INFO] database P0000060808 T0000000000000060808  INI parameter DPC_2PC changed, the original value 1, new value 0
2025-04-23 15:36:55.922 [INFO] database P0000060808 T0000000000000060808  info get from dcr disk, asm_host = localhost, asm_port = -1069127248, global_dcr_ep_host = , global_dcr_ep_port = 5236, global_dcr_css_host = 192.168.9.22, global_dcr_css_port = 91362752
2025-04-23 15:36:55.936 [INFO] database P0000060808 T0000000000000060808  dmshm2_attach, success, shm id 294913
2025-04-23 15:36:55.937 [INFO] database P0000060808 T0000000000000060808  os_asm_env_init success(dest host:localhost, dest port:9351), conn info: comm port:9351, host:localhost, port:9351
2025-04-23 15:36:55.944 [INFO] database P0000060808 T0000000000000060808  version info: enterprise
2025-04-23 15:38:06.694 [INFO] database P0000062613 T0000000000000062613  INI parameter DW_PORT changed, the original value 0, new value 4566
2025-04-23 15:38:06.697 [INFO] database P0000062613 T0000000000000062613  INI parameter DPC_2PC changed, the original value 1, new value 0
2025-04-23 15:38:06.931 [INFO] database P0000062613 T0000000000000062613  info get from dcr disk, asm_host = localhost, asm_port = 417008448, global_dcr_ep_host = , global_dcr_ep_port = 5236, global_dcr_css_host = 192.168.9.22, global_dcr_css_port = 91362752
2025-04-23 15:38:06.944 [INFO] database P0000062613 T0000000000000062613  dmshm2_attach, success, shm id 294913
2025-04-23 15:38:06.945 [INFO] database P0000062613 T0000000000000062613  os_asm_env_init success(dest host:localhost, dest port:9351), conn info: comm port:9351, host:localhost, port:9351
2025-04-23 15:38:06.953 [INFO] database P0000062613 T0000000000000062613  version info: enterprise
2025-04-23 15:39:17.777 [INFO] database P0000064327 T0000000000000064327  INI parameter DW_PORT changed, the original value 0, new value 4566
2025-04-23 15:39:17.780 [INFO] database P0000064327 T0000000000000064327  INI parameter DPC_2PC changed, the original value 1, new value 0
2025-04-23 15:39:18.015 [INFO] database P0000064327 T0000000000000064327  info get from dcr disk, asm_host = localhost, asm_port = 1547395440, global_dcr_ep_host = , global_dcr_ep_port = 5236, global_dcr_css_host = 192.168.9.22, global_dcr_css_port = 91362752
2025-04-23 15:39:18.028 [INFO] database P0000064327 T0000000000000064327  dmshm2_attach, success, shm id 294913
2025-04-23 15:39:18.029 [INFO] database P0000064327 T0000000000000064327  os_asm_env_init success(dest host:localhost, dest port:9351), conn info: comm port:9351, host:localhost, port:9351
2025-04-23 15:39:18.037 [INFO] database P0000064327 T0000000000000064327  version info: enterprise
2025-04-23 15:40:28.865 [INFO] database P0000066033 T0000000000000066033  INI parameter DW_PORT changed, the original value 0, new value 4566
2025-04-23 15:40:28.868 [INFO] database P0000066033 T0000000000000066033  INI parameter DPC_2PC changed, the original value 1, new value 0
2025-04-23 15:40:29.234 [INFO] database P0000066033 T0000000000000066033  info get from dcr disk, asm_host = localhost, asm_port = -32346592, global_dcr_ep_host = , global_dcr_ep_port = 5236, global_dcr_css_host = 192.168.9.22, global_dcr_css_port = 91362752
2025-04-23 15:40:29.247 [INFO] database P0000066033 T0000000000000066033  dmshm2_attach, success, shm id 294913
2025-04-23 15:40:29.248 [INFO] database P0000066033 T0000000000000066033  os_asm_env_init success(dest host:localhost, dest port:9351), conn info: comm port:9351, host:localhost, port:9351
2025-04-23 15:40:29.256 [INFO] database P0000066033 T0000000000000066033  version info: enterprise
2025-04-23 15:41:40.698 [INFO] database P0000067641 T0000000000000067641  INI parameter DW_PORT changed, the original value 0, new value 4566
2025-04-23 15:41:40.701 [INFO] database P0000067641 T0000000000000067641  INI parameter DPC_2PC changed, the original value 1, new value 0
2025-04-23 15:41:42.829 [INFO] database P0000067641 T0000000000000067641  info get from dcr disk, asm_host = localhost, asm_port = -1636733808, global_dcr_ep_host = , global_dcr_ep_port = 5236, global_dcr_css_host = 192.168.9.22, global_dcr_css_port = 91362752
2025-04-23 15:41:42.842 [INFO] database P0000067641 T0000000000000067641  dmshm2_attach, success, shm id 294913
2025-04-23 15:41:42.843 [INFO] database P0000067641 T0000000000000067641  os_asm_env_init success(dest host:localhost, dest port:9351), conn info: comm port:9351, host:localhost, port:9351
2025-04-23 15:41:42.852 [INFO] database P0000067641 T0000000000000067641  version info: enterprise
2025-04-23 15:42:51.061 [INFO] database P0000069304 T0000000000000069304  INI parameter DW_PORT changed, the original value 0, new value 4566
2025-04-23 15:42:51.064 [INFO] database P0000069304 T0000000000000069304  INI parameter DPC_2PC changed, the original value 1, new value 0
2025-04-23 15:42:51.666 [INFO] database P0000069304 T0000000000000069304  info get from dcr disk, asm_host = localhost, asm_port = 959175536, global_dcr_ep_host = , global_dcr_ep_port = 5236, global_dcr_css_host = 192.168.9.22, global_dcr_css_port = 91362752
2025-04-23 15:42:51.679 [INFO] database P0000069304 T0000000000000069304  dmshm2_attach, success, shm id 294913
2025-04-23 15:42:51.680 [INFO] database P0000069304 T0000000000000069304  os_asm_env_init success(dest host:localhost, dest port:9351), conn info: comm port:9351, host:localhost, port:9351
2025-04-23 15:42:51.687 [INFO] database P0000069304 T0000000000000069304  version info: enterprise
2025-04-23 15:44:02.229 [INFO] database P0000070934 T0000000000000070934  INI parameter DW_PORT changed, the original value 0, new value 4566
2025-04-23 15:44:02.232 [INFO] database P0000070934 T0000000000000070934  INI parameter DPC_2PC changed, the original value 1, new value 0
2025-04-23 15:44:02.616 [INFO] database P0000070934 T0000000000000070934  info get from dcr disk, asm_host = localhost, asm_port = -1934299008, global_dcr_ep_host = , global_dcr_ep_port = 5236, global_dcr_css_host = 192.168.9.22, global_dcr_css_port = 91362752
2025-04-23 15:44:02.629 [INFO] database P0000070934 T0000000000000070934  dmshm2_attach, success, shm id 294913
2025-04-23 15:44:02.630 [INFO] database P0000070934 T0000000000000070934  os_asm_env_init success(dest host:localhost, dest port:9351), conn info: comm port:9351, host:localhost, port:9351
2025-04-23 15:44:02.637 [INFO] database P0000070934 T0000000000000070934  version info: enterprise
2025-04-23 15:45:13.251 [INFO] database P0000072676 T0000000000000072676  INI parameter DW_PORT changed, the original value 0, new value 4566
2025-04-23 15:45:13.254 [INFO] database P0000072676 T0000000000000072676  INI parameter DPC_2PC changed, the original value 1, new value 0
2025-04-23 15:45:14.239 [INFO] database P0000072676 T0000000000000072676  info get from dcr disk, asm_host = localhost, asm_port = -1605455696, global_dcr_ep_host = , global_dcr_ep_port = 5236, global_dcr_css_host = 192.168.9.22, global_dcr_css_port = 91362752
2025-04-23 15:45:14.252 [INFO] database P0000072676 T0000000000000072676  dmshm2_attach, success, shm id 294913
2025-04-23 15:45:14.253 [INFO] database P0000072676 T0000000000000072676  os_asm_env_init success(dest host:localhost, dest port:9351), conn info: comm port:9351, host:localhost, port:9351
2025-04-23 15:45:14.261 [INFO] database P0000072676 T0000000000000072676  version info: enterprise
2025-04-23 15:46:24.354 [INFO] database P0000074366 T0000000000000074366  INI parameter DW_PORT changed, the original value 0, new value 4566
2025-04-23 15:46:24.357 [INFO] database P0000074366 T0000000000000074366  INI parameter DPC_2PC changed, the original value 1, new value 0
2025-04-23 15:46:24.892 [INFO] database P0000074366 T0000000000000074366  info get from dcr disk, asm_host = localhost, asm_port = -982684112, global_dcr_ep_host = , global_dcr_ep_port = 5236, global_dcr_css_host = 192.168.9.22, global_dcr_css_port = 91362752
2025-04-23 15:46:24.906 [INFO] database P0000074366 T0000000000000074366  dmshm2_attach, success, shm id 294913
2025-04-23 15:46:24.907 [INFO] database P0000074366 T0000000000000074366  os_asm_env_init success(dest host:localhost, dest port:9351), conn info: comm port:9351, host:localhost, port:9351
2025-04-23 15:46:24.914 [INFO] database P0000074366 T0000000000000074366  version info: enterprise
2025-04-23 15:47:35.450 [INFO] database P0000076042 T0000000000000076042  INI parameter DW_PORT changed, the original value 0, new value 4566
2025-04-23 15:47:35.454 [INFO] database P0000076042 T0000000000000076042  INI parameter DPC_2PC changed, the original value 1, new value 0
2025-04-23 15:47:35.743 [INFO] database P0000076042 T0000000000000076042  info get from dcr disk, asm_host = localhost, asm_port = -951173008, global_dcr_ep_host = , global_dcr_ep_port = 5236, global_dcr_css_host = 192.168.9.22, global_dcr_css_port = 91362752
2025-04-23 15:47:35.756 [INFO] database P0000076042 T0000000000000076042  dmshm2_attach, success, shm id 294913
2025-04-23 15:47:35.757 [INFO] database P0000076042 T0000000000000076042  os_asm_env_init success(dest host:localhost, dest port:9351), conn info: comm port:9351, host:localhost, port:9351
2025-04-23 15:47:35.765 [INFO] database P0000076042 T0000000000000076042  version info: enterprise
2025-04-23 15:48:46.510 [INFO] database P0000077779 T0000000000000077779  INI parameter DW_PORT changed, the original value 0, new value 4566
2025-04-23 15:48:46.513 [INFO] database P0000077779 T0000000000000077779  INI parameter DPC_2PC changed, the original value 1, new value 0
2025-04-23 15:48:47.035 [INFO] database P0000077779 T0000000000000077779  info get from dcr disk, asm_host = localhost, asm_port = -60361776, global_dcr_ep_host = , global_dcr_ep_port = 5236, global_dcr_css_host = 192.168.9.22, global_dcr_css_port = 91362752
2025-04-23 15:48:47.048 [INFO] database P0000077779 T0000000000000077779  dmshm2_attach, success, shm id 294913
2025-04-23 15:48:47.049 [INFO] database P0000077779 T0000000000000077779  os_asm_env_init success(dest host:localhost, dest port:9351), conn info: comm port:9351, host:localhost, port:9351
2025-04-23 15:48:47.056 [INFO] database P0000077779 T0000000000000077779  version info: enterprise
2025-04-23 15:49:57.597 [INFO] database P0000079472 T0000000000000079472  INI parameter DW_PORT changed, the original value 0, new value 4566
2025-04-23 15:49:57.600 [INFO] database P0000079472 T0000000000000079472  INI parameter DPC_2PC changed, the original value 1, new value 0
2025-04-23 15:49:58.307 [INFO] database P0000079472 T0000000000000079472  info get from dcr disk, asm_host = localhost, asm_port = 1055164720, global_dcr_ep_host = , global_dcr_ep_port = 5236, global_dcr_css_host = 192.168.9.22, global_dcr_css_port = 91362752
2025-04-23 15:49:58.320 [INFO] database P0000079472 T0000000000000079472  dmshm2_attach, success, shm id 294913
2025-04-23 15:49:58.321 [INFO] database P0000079472 T0000000000000079472  os_asm_env_init success(dest host:localhost, dest port:9351), conn info: comm port:9351, host:localhost, port:9351
2025-04-23 15:49:58.329 [INFO] database P0000079472 T0000000000000079472  version info: enterprise
2025-04-23 15:51:08.693 [INFO] database P0000081263 T0000000000000081263  INI parameter DW_PORT changed, the original value 0, new value 4566
2025-04-23 15:51:08.696 [INFO] database P0000081263 T0000000000000081263  INI parameter DPC_2PC changed, the original value 1, new value 0
2025-04-23 15:51:09.085 [INFO] database P0000081263 T0000000000000081263  info get from dcr disk, asm_host = localhost, asm_port = 765973808, global_dcr_ep_host = , global_dcr_ep_port = 5236, global_dcr_css_host = 192.168.9.22, global_dcr_css_port = 91362752
2025-04-23 15:51:09.098 [INFO] database P0000081263 T0000000000000081263  dmshm2_attach, success, shm id 294913
2025-04-23 15:51:09.099 [INFO] database P0000081263 T0000000000000081263  os_asm_env_init success(dest host:localhost, dest port:9351), conn info: comm port:9351, host:localhost, port:9351
2025-04-23 15:51:09.106 [INFO] database P0000081263 T0000000000000081263  version info: enterprise
2025-04-23 15:52:19.786 [INFO] database P0000082963 T0000000000000082963  INI parameter DW_PORT changed, the original value 0, new value 4566
2025-04-23 15:52:19.789 [INFO] database P0000082963 T0000000000000082963  INI parameter DPC_2PC changed, the original value 1, new value 0
2025-04-23 15:52:22.119 [INFO] database P0000082963 T0000000000000082963  info get from dcr disk, asm_host = localhost, asm_port = -919864256, global_dcr_ep_host = , global_dcr_ep_port = 5236, global_dcr_css_host = 192.168.9.22, global_dcr_css_port = 91362752
2025-04-23 15:52:22.132 [INFO] database P0000082963 T0000000000000082963  dmshm2_attach, success, shm id 294913
2025-04-23 15:52:22.133 [INFO] database P0000082963 T0000000000000082963  os_asm_env_init success(dest host:localhost, dest port:9351), conn info: comm port:9351, host:localhost, port:9351
2025-04-23 15:52:22.141 [INFO] database P0000082963 T0000000000000082963  version info: enterprise
2025-04-23 15:53:30.936 [INFO] database P0000084718 T0000000000000084718  INI parameter DW_PORT changed, the original value 0, new value 4566
2025-04-23 15:53:30.940 [INFO] database P0000084718 T0000000000000084718  INI parameter DPC_2PC changed, the original value 1, new value 0
2025-04-23 15:53:32.130 [INFO] database P0000084718 T0000000000000084718  info get from dcr disk, asm_host = localhost, asm_port = -1557384896, global_dcr_ep_host = , global_dcr_ep_port = 5236, global_dcr_css_host = 192.168.9.22, global_dcr_css_port = 91362752
2025-04-23 15:53:32.143 [INFO] database P0000084718 T0000000000000084718  dmshm2_attach, success, shm id 294913
2025-04-23 15:53:32.144 [INFO] database P0000084718 T0000000000000084718  os_asm_env_init success(dest host:localhost, dest port:9351), conn info: comm port:9351, host:localhost, port:9351
2025-04-23 15:53:32.152 [INFO] database P0000084718 T0000000000000084718  version info: enterprise
2025-04-23 15:54:41.964 [INFO] database P0000086447 T0000000000000086447  INI parameter DW_PORT changed, the original value 0, new value 4566
2025-04-23 15:54:41.967 [INFO] database P0000086447 T0000000000000086447  INI parameter DPC_2PC changed, the original value 1, new value 0
2025-04-23 15:54:42.257 [INFO] database P0000086447 T0000000000000086447  info get from dcr disk, asm_host = localhost, asm_port = -632488800, global_dcr_ep_host = , global_dcr_ep_port = 5236, global_dcr_css_host = 192.168.9.22, global_dcr_css_port = 91362752
2025-04-23 15:54:42.270 [INFO] database P0000086447 T0000000000000086447  dmshm2_attach, success, shm id 294913
2025-04-23 15:54:42.271 [INFO] database P0000086447 T0000000000000086447  os_asm_env_init success(dest host:localhost, dest port:9351), conn info: comm port:9351, host:localhost, port:9351
2025-04-23 15:54:42.279 [INFO] database P0000086447 T0000000000000086447  version info: enterprise
2025-04-23 15:55:53.057 [INFO] database P0000088185 T0000000000000088185  INI parameter DW_PORT changed, the original value 0, new value 4566
2025-04-23 15:55:53.060 [INFO] database P0000088185 T0000000000000088185  INI parameter DPC_2PC changed, the original value 1, new value 0
2025-04-23 15:55:54.118 [INFO] database P0000088185 T0000000000000088185  info get from dcr disk, asm_host = localhost, asm_port = -667439056, global_dcr_ep_host = , global_dcr_ep_port = 5236, global_dcr_css_host = 192.168.9.22, global_dcr_css_port = 91362752
2025-04-23 15:55:54.131 [INFO] database P0000088185 T0000000000000088185  dmshm2_attach, success, shm id 294913
2025-04-23 15:55:54.132 [INFO] database P0000088185 T0000000000000088185  os_asm_env_init success(dest host:localhost, dest port:9351), conn info: comm port:9351, host:localhost, port:9351
2025-04-23 15:55:54.140 [INFO] database P0000088185 T0000000000000088185  version info: enterprise
2025-04-23 15:57:04.142 [INFO] database P0000089970 T0000000000000089970  INI parameter DW_PORT changed, the original value 0, new value 4566
2025-04-23 15:57:04.145 [INFO] database P0000089970 T0000000000000089970  INI parameter DPC_2PC changed, the original value 1, new value 0
2025-04-23 15:57:04.501 [INFO] database P0000089970 T0000000000000089970  info get from dcr disk, asm_host = localhost, asm_port = -1193106144, global_dcr_ep_host = , global_dcr_ep_port = 5236, global_dcr_css_host = 192.168.9.22, global_dcr_css_port = 91362752
2025-04-23 15:57:04.514 [INFO] database P0000089970 T0000000000000089970  dmshm2_attach, success, shm id 294913
2025-04-23 15:57:04.515 [INFO] database P0000089970 T0000000000000089970  os_asm_env_init success(dest host:localhost, dest port:9351), conn info: comm port:9351, host:localhost, port:9351
2025-04-23 15:57:04.523 [INFO] database P0000089970 T0000000000000089970  version info: enterprise
2025-04-23 15:58:15.233 [INFO] database P0000091708 T0000000000000091708  INI parameter DW_PORT changed, the original value 0, new value 4566
2025-04-23 15:58:15.236 [INFO] database P0000091708 T0000000000000091708  INI parameter DPC_2PC changed, the original value 1, new value 0
2025-04-23 15:58:15.702 [INFO] database P0000091708 T0000000000000091708  info get from dcr disk, asm_host = localhost, asm_port = 1974518400, global_dcr_ep_host = , global_dcr_ep_port = 5236, global_dcr_css_host = 192.168.9.22, global_dcr_css_port = 91362752
2025-04-23 15:58:15.715 [INFO] database P0000091708 T0000000000000091708  dmshm2_attach, success, shm id 294913
2025-04-23 15:58:15.716 [INFO] database P0000091708 T0000000000000091708  os_asm_env_init success(dest host:localhost, dest port:9351), conn info: comm port:9351, host:localhost, port:9351
2025-04-23 15:58:15.724 [INFO] database P0000091708 T0000000000000091708  version info: enterprise
2025-04-23 15:59:26.330 [INFO] database P0000093438 T0000000000000093438  INI parameter DW_PORT changed, the original value 0, new value 4566
2025-04-23 15:59:26.334 [INFO] database P0000093438 T0000000000000093438  INI parameter DPC_2PC changed, the original value 1, new value 0
2025-04-23 15:59:26.750 [INFO] database P0000093438 T0000000000000093438  info get from dcr disk, asm_host = localhost, asm_port = -1724178496, global_dcr_ep_host = , global_dcr_ep_port = 5236, global_dcr_css_host = 192.168.9.22, global_dcr_css_port = 91362752
2025-04-23 15:59:26.764 [INFO] database P0000093438 T0000000000000093438  dmshm2_attach, success, shm id 294913
2025-04-23 15:59:26.765 [INFO] database P0000093438 T0000000000000093438  os_asm_env_init success(dest host:localhost, dest port:9351), conn info: comm port:9351, host:localhost, port:9351
2025-04-23 15:59:26.772 [INFO] database P0000093438 T0000000000000093438  version info: enterprise
2025-04-23 16:00:37.442 [INFO] database P0000095243 T0000000000000095243  INI parameter DW_PORT changed, the original value 0, new value 4566
2025-04-23 16:00:37.446 [INFO] database P0000095243 T0000000000000095243  INI parameter DPC_2PC changed, the original value 1, new value 0
2025-04-23 16:00:38.822 [INFO] database P0000095243 T0000000000000095243  info get from dcr disk, asm_host = localhost, asm_port = 1288713792, global_dcr_ep_host = , global_dcr_ep_port = 5236, global_dcr_css_host = 192.168.9.22, global_dcr_css_port = 91362752
2025-04-23 16:00:38.835 [INFO] database P0000095243 T0000000000000095243  dmshm2_attach, success, shm id 294913
2025-04-23 16:00:38.836 [INFO] database P0000095243 T0000000000000095243  os_asm_env_init success(dest host:localhost, dest port:9351), conn info: comm port:9351, host:localhost, port:9351
2025-04-23 16:00:38.844 [INFO] database P0000095243 T0000000000000095243  version info: enterprise
2025-04-23 16:01:48.491 [INFO] database P0000097032 T0000000000000097032  INI parameter DW_PORT changed, the original value 0, new value 4566
2025-04-23 16:01:48.494 [INFO] database P0000097032 T0000000000000097032  INI parameter DPC_2PC changed, the original value 1, new value 0